<?xml version="1.0" encoding="UTF-8"?>
<testsuites>
  <testsuite name="CodeIgniter Application Test Suite" tests="4" assertions="11" errors="0" failures="0" skipped="0" time="0.004000">
    <testsuite name="Base_test" file="C:\wamp64\www\silicon\application\tests\controllers\Base_test.php" tests="1" assertions="1" errors="0" failures="0" skipped="0" time="0.001000">
      <testcase name="test_base" class="Base_test" classname="Base_test" file="C:\wamp64\www\silicon\application\tests\controllers\Base_test.php" line="19" assertions="1" time="0.001000"/>
    </testsuite>
    <testsuite name="Validate_user_test" file="C:\wamp64\www\silicon\application\tests\controllers\Validate_user_test.php" tests="3" assertions="10" errors="0" failures="0" skipped="0" time="0.003000">
      <testcase name="test_valid_input" class="Validate_user_test" classname="Validate_user_test" file="C:\wamp64\www\silicon\application\tests\controllers\Validate_user_test.php" line="5" assertions="4" time="0.001000"/>
      <testcase name="test_invalid_input" class="Validate_user_test" classname="Validate_user_test" file="C:\wamp64\www\silicon\application\tests\controllers\Validate_user_test.php" line="18" assertions="5" time="0.001000"/>
      <testcase name="test_base" class="Validate_user_test" classname="Validate_user_test" file="C:\wamp64\www\silicon\application\tests\controllers\Validate_user_test.php" line="19" assertions="1" time="0.001000"/>
    </testsuite>
  </testsuite>
</testsuites>
